{
"contracts/mocks/VRFCoordinatorV2Mock.sol":{"l":{},"path":"/home/nykodymb/hh-fcc/hardhat-raffle-toolbox-fcc/contracts/mocks/VRFCoordinatorV2Mock.sol","s":{},"b":{},"f":{},"fnMap":{},"statementMap":{},"branchMap":{}},
"contracts/Raffle.sol":{"l":{"51":3,"52":3,"53":3,"54":3,"55":3,"56":3,"57":3,"58":3,"62":5,"63":1,"65":4,"66":1,"69":3,"72":3,"87":1,"88":1,"89":1,"90":1,"91":1,"98":1,"99":1,"100":0,"106":1,"107":1,"114":1,"127":0,"128":0,"129":0,"131":0,"133":0,"134":0,"135":0,"136":0,"137":0,"139":0,"144":5,"148":1,"152":0,"156":1,"160":0,"164":0,"168":0,"172":0,"176":6},"path":"/home/nykodymb/hh-fcc/hardhat-raffle-toolbox-fcc/contracts/Raffle.sol","s":{"1":5,"2":4,"3":3,"4":3,"5":1,"6":1,"7":1,"8":1,"9":1,"10":1,"11":1,"12":1,"13":0,"14":0,"15":0,"16":0,"17":0,"18":5,"19":1,"20":0,"21":1,"22":0,"23":0,"24":0,"25":0,"26":6},"b":{"1":[1,4],"2":[1,3],"3":[0,1],"4":[0,0]},"f":{"1":3,"2":5,"3":1,"4":1,"5":0,"6":5,"7":1,"8":0,"9":1,"10":0,"11":0,"12":0,"13":0,"14":6},"fnMap":{"1":{"name":"constructor","line":50,"loc":{"start":{"line":43,"column":4},"end":{"line":59,"column":4}}},"2":{"name":"enterRaffle","line":61,"loc":{"start":{"line":61,"column":4},"end":{"line":73,"column":4}}},"3":{"name":"checkUpkeep","line":84,"loc":{"start":{"line":84,"column":4},"end":{"line":92,"column":4}}},"4":{"name":"performUpkeep","line":94,"loc":{"start":{"line":94,"column":4},"end":{"line":115,"column":4}}},"5":{"name":"fulfillRandomWords","line":117,"loc":{"start":{"line":117,"column":4},"end":{"line":140,"column":4}}},"6":{"name":"getEnteranceFee","line":143,"loc":{"start":{"line":143,"column":4},"end":{"line":145,"column":4}}},"7":{"name":"getPlayer","line":147,"loc":{"start":{"line":147,"column":4},"end":{"line":149,"column":4}}},"8":{"name":"getRecentWinner","line":151,"loc":{"start":{"line":151,"column":4},"end":{"line":153,"column":4}}},"9":{"name":"getRaffleState","line":155,"loc":{"start":{"line":155,"column":4},"end":{"line":157,"column":4}}},"10":{"name":"getNumWords","line":159,"loc":{"start":{"line":159,"column":4},"end":{"line":161,"column":4}}},"11":{"name":"getNumberOfPlayers","line":163,"loc":{"start":{"line":163,"column":4},"end":{"line":165,"column":4}}},"12":{"name":"getLatestTimestamp","line":167,"loc":{"start":{"line":167,"column":4},"end":{"line":169,"column":4}}},"13":{"name":"getRequsetConfirmations","line":171,"loc":{"start":{"line":171,"column":4},"end":{"line":173,"column":4}}},"14":{"name":"getInterval","line":175,"loc":{"start":{"line":175,"column":4},"end":{"line":177,"column":4}}}},"statementMap":{"1":{"start":{"line":62,"column":8},"end":{"line":62,"column":2231}},"2":{"start":{"line":65,"column":8},"end":{"line":65,"column":2325}},"3":{"start":{"line":69,"column":8},"end":{"line":69,"column":42}},"4":{"start":{"line":72,"column":8},"end":{"line":72,"column":36}},"5":{"start":{"line":87,"column":8},"end":{"line":87,"column":57}},"6":{"start":{"line":88,"column":8},"end":{"line":88,"column":76}},"7":{"start":{"line":89,"column":8},"end":{"line":89,"column":48}},"8":{"start":{"line":90,"column":8},"end":{"line":90,"column":51}},"9":{"start":{"line":98,"column":8},"end":{"line":98,"column":47}},"10":{"start":{"line":99,"column":8},"end":{"line":99,"column":3839}},"11":{"start":{"line":107,"column":8},"end":{"line":107,"column":4098}},"12":{"start":{"line":114,"column":8},"end":{"line":114,"column":45}},"13":{"start":{"line":127,"column":8},"end":{"line":127,"column":65}},"14":{"start":{"line":128,"column":8},"end":{"line":128,"column":63}},"15":{"start":{"line":135,"column":8},"end":{"line":135,"column":78}},"16":{"start":{"line":136,"column":8},"end":{"line":136,"column":5208}},"17":{"start":{"line":139,"column":8},"end":{"line":139,"column":39}},"18":{"start":{"line":144,"column":8},"end":{"line":144,"column":29}},"19":{"start":{"line":148,"column":8},"end":{"line":148,"column":31}},"20":{"start":{"line":152,"column":8},"end":{"line":152,"column":29}},"21":{"start":{"line":156,"column":8},"end":{"line":156,"column":28}},"22":{"start":{"line":160,"column":8},"end":{"line":160,"column":24}},"23":{"start":{"line":164,"column":8},"end":{"line":164,"column":31}},"24":{"start":{"line":168,"column":8},"end":{"line":168,"column":30}},"25":{"start":{"line":172,"column":8},"end":{"line":172,"column":36}},"26":{"start":{"line":176,"column":8},"end":{"line":176,"column":25}}},"branchMap":{"1":{"line":62,"type":"if","locations":[{"start":{"line":62,"column":8},"end":{"line":62,"column":8}},{"start":{"line":62,"column":8},"end":{"line":62,"column":8}}]},"2":{"line":65,"type":"if","locations":[{"start":{"line":65,"column":8},"end":{"line":65,"column":8}},{"start":{"line":65,"column":8},"end":{"line":65,"column":8}}]},"3":{"line":99,"type":"if","locations":[{"start":{"line":99,"column":8},"end":{"line":99,"column":8}},{"start":{"line":99,"column":8},"end":{"line":99,"column":8}}]},"4":{"line":136,"type":"if","locations":[{"start":{"line":136,"column":8},"end":{"line":136,"column":8}},{"start":{"line":136,"column":8},"end":{"line":136,"column":8}}]}}}}
