TN:
SF:/home/nykodymb/hh-fcc/hardhat-raffle-toolbox-fcc/contracts/mocks/VRFCoordinatorV2Mock.sol
FNF:0
FNH:0
LF:0
LH:0
BRF:0
BRH:0
end_of_record
TN:
SF:/home/nykodymb/hh-fcc/hardhat-raffle-toolbox-fcc/contracts/Raffle.sol
FN:50,constructor
FN:61,enterRaffle
FN:84,checkUpkeep
FN:94,performUpkeep
FN:117,fulfillRandomWords
FN:143,getEnteranceFee
FN:147,getPlayer
FN:151,getRecentWinner
FN:155,getRaffleState
FN:159,getNumWords
FN:163,getNumberOfPlayers
FN:167,getLatestTimestamp
FN:171,getRequsetConfirmations
FN:175,getInterval
FNF:14
FNH:8
FNDA:3,constructor
FNDA:5,enterRaffle
FNDA:1,checkUpkeep
FNDA:1,performUpkeep
FNDA:0,fulfillRandomWords
FNDA:5,getEnteranceFee
FNDA:1,getPlayer
FNDA:0,getRecentWinner
FNDA:1,getRaffleState
FNDA:0,getNumWords
FNDA:0,getNumberOfPlayers
FNDA:0,getLatestTimestamp
FNDA:0,getRequsetConfirmations
FNDA:6,getInterval
DA:51,3
DA:52,3
DA:53,3
DA:54,3
DA:55,3
DA:56,3
DA:57,3
DA:58,3
DA:62,5
DA:63,1
DA:65,4
DA:66,1
DA:69,3
DA:72,3
DA:87,1
DA:88,1
DA:89,1
DA:90,1
DA:91,1
DA:98,1
DA:99,1
DA:100,0
DA:106,1
DA:107,1
DA:114,1
DA:127,0
DA:128,0
DA:129,0
DA:131,0
DA:133,0
DA:134,0
DA:135,0
DA:136,0
DA:137,0
DA:139,0
DA:144,5
DA:148,1
DA:152,0
DA:156,1
DA:160,0
DA:164,0
DA:168,0
DA:172,0
DA:176,6
LF:44
LH:28
BRDA:62,1,0,1
BRDA:62,1,1,4
BRDA:65,2,0,1
BRDA:65,2,1,3
BRDA:99,3,0,0
BRDA:99,3,1,1
BRDA:136,4,0,0
BRDA:136,4,1,0
BRF:8
BRH:5
end_of_record
